09:45:30.753 request:
1 > POST https://angular-conduit-node.herokuapp.com/api/articles
1 > Accept-Encoding: gzip,deflate
1 > Authorization: Bearer eyJhbGciOiJIUzI1NiIsInR5cCI6IkpXVCJ9.eyJpZCI6IjYzMzQ3OGQ5NDQzNjZjMDAxN2Q2N2NiMSIsInVzZXJuYW1lIjoid2lsbGlhbWNhYiIsImV4cCI6MTY2OTYxNjAyOSwiaWF0IjoxNjY0NDMyMDI5fQ.O2zAy9wP6Rtt1EpB0Wh5-PZyffTGS13MtwEplUGU0BA
1 > Connection: Keep-Alive
1 > Content-Length: 90
1 > Content-Type: application/json; charset=UTF-8
1 > Host: angular-conduit-node.herokuapp.com
1 > User-Agent: Apache-HttpClient/4.5.12 (Java/1.8.0_342)
{"article":{"title":"string","description":"string","body":"string","tagList":["string"]}}

09:45:32.675 response time in milliseconds: 1911.31
1 < 200
1 < Access-Control-Allow-Origin: *
1 < Connection: keep-alive
1 < Content-Length: 349
1 < Content-Type: application/json; charset=utf-8
1 < Date: Thu, 29 Sep 2022 14:45:31 GMT
1 < Etag: W/"15d-A68N9rL+4sZPV5G/Tx/5lA"
1 < Server: Cowboy
1 < Vary: X-HTTP-Method-Override
1 < Via: 1.1 vegur
1 < X-Powered-By: Express
{"article":{"slug":"string-xvun85","title":"string","description":"string","body":"string","createdAt":"2022-09-29T14:45:31.524Z","updatedAt":"2022-09-29T14:45:31.524Z","tagList":["string"],"favorited":false,"favoritesCount":0,"author":{"username":"williamcab","image":"https://static.productionready.io/images/smiley-cyrus.jpg","following":false}}}

